<?xml version="1.0" encoding="UTF-8"?>
<testng-results skipped="0" failed="0" total="1" passed="1">
  <reporter-output>
  </reporter-output>
  <suite name="Default suite" duration-ms="41344" started-at="2019-07-23T04:00:12Z" finished-at="2019-07-23T04:00:53Z">
    <groups>
    </groups>
    <test name="Default test" duration-ms="41344" started-at="2019-07-23T04:00:12Z" finished-at="2019-07-23T04:00:53Z">
      <class name="gitTest.GitTest">
        <test-method status="PASS" signature="bing()[pri:0, instance:gitTest.GitTest@47f37ef1]" name="bing" duration-ms="41197" started-at="2019-07-23T09:30:12Z" finished-at="2019-07-23T09:30:53Z">
          <reporter-output>
          </reporter-output>
        </test-method> <!-- bing -->
      </class> <!-- gitTest.GitTest -->
    </test> <!-- Default test -->
  </suite> <!-- Default suite -->
</testng-results>
